<?xml version="1.0" encoding="UTF-8"?>
<!-- Generated by org.testng.reporters.JUnitReportReporter -->
<testsuite hostname="momdad" failures="0" tests="1" name="Jewelry.Demo" time="1.339" errors="0" timestamp="2023-11-10T14:38:10 IST" skipped="0">
  <testcase classname="Jewelry.Demo" name="LaunchingTheBrowser" time="1.339"/>
</testsuite> <!-- Jewelry.Demo -->
