<?xml version="1.0" encoding="UTF-8"?>
<!-- Generated by org.testng.reporters.JUnitReportReporter -->
<testsuite hostname="momdad" failures="0" tests="1" name="Home.DWS_Home_08_Test" time="5.975" errors="0" timestamp="2023-11-04T13:57:33 IST" skipped="0">
  <testcase classname="Home.DWS_Home_08_Test" name="Verify_whethere_user_is_getting_error_message_while_sending_mail_Registering" time="5.975"/>
</testsuite> <!-- Home.DWS_Home_08_Test -->
