<?xml version="1.0" encoding="UTF-8"?>
<!-- Generated by org.testng.reporters.JUnitReportReporter -->
<testsuite hostname="momdad" failures="0" tests="2" name="login.DWS_Login_01_Test" time="4.148" errors="0" timestamp="2023-11-04T13:57:33 IST" skipped="0">
  <testcase classname="login.DWS_Login_01_Test" name="Login_to_the_applicagtion_with_valid_credentials" time="2.316"/>
  <testcase classname="login.DWS_Login_01_Test" name="Login_to_the_applicagtion_with_valid_credentials" time="1.832"/>
</testsuite> <!-- login.DWS_Login_01_Test -->
