<?xml version="1.0" encoding="UTF-8"?>
<!-- Generated by org.testng.reporters.JUnitReportReporter -->
<testsuite hostname="momdad" failures="0" tests="1" name="Home.DemoPractice2" time="1.521" errors="0" timestamp="2023-11-10T13:32:04 IST" skipped="0">
  <testcase classname="Home.DemoPractice2" name="LaunchingTheBrowser" time="1.521"/>
</testsuite> <!-- Home.DemoPractice2 -->
