<?xml version="1.0" encoding="UTF-8"?>
<!-- Generated by org.testng.reporters.JUnitReportReporter -->
<testsuite hostname="momdad" failures="0" tests="1" name="Jewelry.DWS_Jewelry_09_Test" time="4.197" errors="0" timestamp="2023-11-04T12:15:37 IST" skipped="0">
  <testcase classname="Jewelry.DWS_Jewelry_09_Test" name="Verify_user_can_able_to_add_Jewelry_product_to_wishlist" time="4.197"/>
</testsuite> <!-- Jewelry.DWS_Jewelry_09_Test -->
