<?xml version="1.0" encoding="UTF-8"?>
<!-- Generated by org.testng.reporters.JUnitReportReporter -->
<testsuite hostname="Ammu" failures="0" tests="1" name="login.PracticeTestCase" time="5.284" errors="0" timestamp="2023-11-07T14:53:42 IST" skipped="0">
  <testcase classname="login.PracticeTestCase" name="launchingFB" time="5.284"/>
</testsuite> <!-- login.PracticeTestCase -->
