<?xml version="1.0" encoding="UTF-8"?>
<!-- Generated by org.testng.reporters.JUnitReportReporter -->
<testsuite hostname="momdad" failures="0" tests="1" name="login.DWS_Login_02_Test" time="3.262" errors="0" timestamp="2023-11-04T13:57:33 IST" skipped="0">
  <testcase classname="login.DWS_Login_02_Test" name="Register_to_the_application_with_valid_credentials" time="3.262"/>
</testsuite> <!-- login.DWS_Login_02_Test -->
